<?xml version="1.0" encoding="UTF-8"?>
<testng-results total="1" passed="1" failed="0" skipped="0">
  <reporter-output>
  </reporter-output>
  <suite started-at="2021-07-13T09:33:07Z" name="Default suite" finished-at="2021-07-13T09:33:26Z" duration-ms="18651">
    <groups>
    </groups>
    <test started-at="2021-07-13T09:33:07Z" name="Default test" finished-at="2021-07-13T09:33:26Z" duration-ms="18651">
      <class name="UdemyTutorial.SourceLabs.AutoITFileUploadDownload">
        <test-method signature="demoMethod()[pri:0, instance:UdemyTutorial.SourceLabs.AutoITFileUploadDownload@7354b8c5]" started-at="2021-07-13T15:03:07Z" name="demoMethod" finished-at="2021-07-13T15:03:26Z" duration-ms="18630" status="PASS">
          <reporter-output>
          </reporter-output>
        </test-method> <!-- demoMethod -->
      </class> <!-- UdemyTutorial.SourceLabs.AutoITFileUploadDownload -->
    </test> <!-- Default test -->
  </suite> <!-- Default suite -->
</testng-results>
