<?xml version="1.0" encoding="UTF-8" ?>
<testsuite tests="6" failures="0" name="TestSuite" time="0.01" errors="0" skipped="0">
  <properties>
[...]
</properties>
  <testcase classname="udemyTutorials.MavenForJenkins.AppiumTest" name="login" time="0.009"/>
  <testcase classname="udemyTutorials.MavenForJenkins.AppiumTest" name="logout" time="0"/>
  <testcase classname="udemyTutorials.MavenForJenkins.RestAssuredTest" name="login" time="0"/>
  <testcase classname="udemyTutorials.MavenForJenkins.RestAssuredTest" name="logout" time="0"/>
  <testcase classname="udemyTutorials.MavenForJenkins.SeleniumTest" name="login" time="0.001"/>
  <testcase classname="udemyTutorials.MavenForJenkins.SeleniumTest" name="logout" time="0"/>
</testsuite>