<?xml version="1.0" encoding="UTF-8"?>
<testng-results ignored="0" total="6" passed="6" failed="0" skipped="0">
  <reporter-output>
  </reporter-output>
  <suite started-at="2021-07-13T13:22:15 IST" name="Command line suite" finished-at="2021-07-13T13:22:15 IST" duration-ms="73">
    <groups>
    </groups>
    <test started-at="2021-07-13T13:22:15 IST" name="Command line test" finished-at="2021-07-13T13:22:15 IST" duration-ms="73">
      <class name="udemyTutorials.MavenForJenkins.AppiumTest">
        <test-method signature="login()[pri:0, instance:udemyTutorials.MavenForJenkins.AppiumTest@7c729a55]" started-at="2021-07-13T13:22:15 IST" name="login" finished-at="2021-07-13T13:22:15 IST" duration-ms="7" status="PASS">
          <reporter-output>
          </reporter-output>
        </test-method> <!-- login -->
        <test-method signature="logout()[pri:0, instance:udemyTutorials.MavenForJenkins.AppiumTest@7c729a55]" started-at="2021-07-13T13:22:15 IST" name="logout" finished-at="2021-07-13T13:22:15 IST" duration-ms="0" status="PASS">
          <reporter-output>
          </reporter-output>
        </test-method> <!-- logout -->
      </class> <!-- udemyTutorials.MavenForJenkins.AppiumTest -->
      <class name="udemyTutorials.MavenForJenkins.RestAssuredTest">
        <test-method signature="login()[pri:0, instance:udemyTutorials.MavenForJenkins.RestAssuredTest@9f116cc]" started-at="2021-07-13T13:22:15 IST" name="login" finished-at="2021-07-13T13:22:15 IST" duration-ms="0" status="PASS">
          <reporter-output>
          </reporter-output>
        </test-method> <!-- login -->
        <test-method signature="logout()[pri:0, instance:udemyTutorials.MavenForJenkins.RestAssuredTest@9f116cc]" started-at="2021-07-13T13:22:15 IST" name="logout" finished-at="2021-07-13T13:22:15 IST" duration-ms="0" status="PASS">
          <reporter-output>
          </reporter-output>
        </test-method> <!-- logout -->
      </class> <!-- udemyTutorials.MavenForJenkins.RestAssuredTest -->
      <class name="udemyTutorials.MavenForJenkins.SeleniumTest">
        <test-method signature="login()[pri:0, instance:udemyTutorials.MavenForJenkins.SeleniumTest@12468a38]" started-at="2021-07-13T13:22:15 IST" name="login" finished-at="2021-07-13T13:22:15 IST" duration-ms="0" status="PASS">
          <reporter-output>
          </reporter-output>
        </test-method> <!-- login -->
        <test-method signature="logout()[pri:0, instance:udemyTutorials.MavenForJenkins.SeleniumTest@12468a38]" started-at="2021-07-13T13:22:15 IST" name="logout" finished-at="2021-07-13T13:22:15 IST" duration-ms="0" status="PASS">
          <reporter-output>
          </reporter-output>
        </test-method> <!-- logout -->
      </class> <!-- udemyTutorials.MavenForJenkins.SeleniumTest -->
    </test> <!-- Command line test -->
  </suite> <!-- Command line suite -->
</testng-results>
