<?xml version="1.0" encoding="UTF-8"?>
<!-- Generated by org.testng.reporters.JUnitXMLReporter -->
<testsuite ignored="0" hostname="DESKTOP-1KPJRV5" failures="0" tests="6" name="Command line test" time="0.11" errors="0" timestamp="2021-07-09T12:08:05 IST">
  <testcase classname="udemyTutorials.MavenForJenkins.AppiumTest" name="login" time="0.006"/>
  <testcase classname="udemyTutorials.MavenForJenkins.AppiumTest" name="logout" time="0.0"/>
  <testcase classname="udemyTutorials.MavenForJenkins.RestAssuredTest" name="login" time="0.0"/>
  <testcase classname="udemyTutorials.MavenForJenkins.RestAssuredTest" name="logout" time="0.0"/>
  <testcase classname="udemyTutorials.MavenForJenkins.SeleniumTest" name="login" time="0.0"/>
  <testcase classname="udemyTutorials.MavenForJenkins.SeleniumTest" name="logout" time="0.0"/>
</testsuite> <!-- Command line test -->
