<?xml version="1.0" encoding="UTF-8"?>
<testng-results ignored="0" total="1" passed="1" failed="0" skipped="0">
  <reporter-output>
  </reporter-output>
  <suite started-at="2021-07-10T00:31:44 IST" name="Default suite" finished-at="2021-07-10T00:32:16 IST" duration-ms="32403">
    <groups>
    </groups>
    <test started-at="2021-07-10T00:31:44 IST" name="Default test" finished-at="2021-07-10T00:32:16 IST" duration-ms="32403">
      <class name="testCases.LoginPageTest2">
        <test-method signature="Login()[pri:0, instance:testCases.LoginPageTest2@7a4ccb53]" started-at="2021-07-10T00:31:44 IST" name="Login" finished-at="2021-07-10T00:32:16 IST" duration-ms="32325" status="PASS">
          <reporter-output>
          </reporter-output>
        </test-method> <!-- Login -->
      </class> <!-- testCases.LoginPageTest2 -->
    </test> <!-- Default test -->
  </suite> <!-- Default suite -->
</testng-results>
