<?xml version="1.0" encoding="UTF-8"?>
<!-- Generated by org.testng.reporters.JUnitXMLReporter -->
<testsuite ignored="0" hostname="DESKTOP-1KPJRV5" failures="0" tests="14" name="Demo Test3" time="0.121" errors="0" timestamp="2021-07-08T10:35:19 IST">
  <testcase classname="savingsDepartment.KidsAccount" name="login" time="0.001"/>
  <testcase classname="savingsDepartment.KidsAccount" name="mobile_login" time="0.002"/>
  <testcase classname="savingsDepartment.KidsAccount" name="mobile_logout" time="0.002"/>
  <testcase classname="savingsDepartment.SavingsAccount" name="login" time="0.002"/>
  <testcase classname="savingsDepartment.SavingsAccount" name="logout" time="0.004"/>
  <testcase classname="savingsDepartment.SavingsAccount" name="mobile_login" time="0.002"/>
  <testcase classname="savingsDepartment.SavingsAccount" name="mobile_logout" time="0.001"/>
  <testcase classname="savingsDepartment.SavingsAccount" name="mobile_logout" time="0.0"/>
  <testcase classname="savingsDepartment.SavingsAccount" name="mobile_logout" time="0.001"/>
  <testcase classname="savingsDepartment.SeniorCitizenAccount" name="login" time="0.002"/>
  <testcase classname="savingsDepartment.SeniorCitizenAccount" name="logout" time="0.001"/>
  <testcase classname="savingsDepartment.SeniorCitizenAccount" name="mobile_login" time="0.001"/>
  <testcase classname="savingsDepartment.SeniorCitizenAccount" name="mobile_logout" time="0.002"/>
  <testcase classname="savingsDepartment.KidsAccount" name="logout" time="0.001"/>
</testsuite> <!-- Demo Test3 -->
