<?xml version="1.0" encoding="UTF-8"?>
<!-- Generated by org.testng.reporters.JUnitXMLReporter -->
<testsuite ignored="2" hostname="DESKTOP-1KPJRV5" failures="0" tests="6" name="Demo Test4" time="0.029" errors="0" timestamp="2021-07-08T09:06:19 IST">
  <testcase classname="savingsDepartment.KidsAccount" name="login" time="0.003"/>
  <testcase classname="savingsDepartment.KidsAccount" name="logout" time="0.002"/>
  <testcase classname="savingsDepartment.KidsAccount" name="mobile_login" time="0.001"/>
  <testcase classname="savingsDepartment.SavingsAccount" name="login" time="0.001"/>
  <testcase classname="savingsDepartment.SavingsAccount" name="mobile_login" time="0.002"/>
  <testcase classname="savingsDepartment.SavingsAccount" name="mobile_logout" time="0.001"/>
  <testcase classname="savingsDepartment.SavingsAccount" name="logout" time="0.0">
    <ignored/>
  </testcase> <!-- logout -->
  <testcase classname="savingsDepartment.KidsAccount" name="mobile_logout" time="0.0">
    <ignored/>
  </testcase> <!-- mobile_logout -->
</testsuite> <!-- Demo Test4 -->
