<?xml version="1.0" encoding="UTF-8"?>
<!-- Generated by org.testng.reporters.JUnitXMLReporter -->
<testsuite ignored="3" hostname="DESKTOP-1KPJRV5" failures="0" tests="11" name="Demo Test2" time="0.23" errors="0" timestamp="2021-07-08T10:35:19 IST">
  <testcase classname="loanDepartment.BusinessLoan" name="apply" time="0.017"/>
  <testcase classname="loanDepartment.BusinessLoan" name="approve" time="0.008"/>
  <testcase classname="loanDepartment.BusinessLoan" name="getClientDetails" time="0.001"/>
  <testcase classname="loanDepartment.BusinessLoan" name="getLoanStatus" time="0.006"/>
  <testcase classname="loanDepartment.BusinessLoan" name="login" time="0.003"/>
  <testcase classname="loanDepartment.BusinessLoan" name="logout" time="0.003"/>
  <testcase classname="loanDepartment.BusinessLoan" name="removeLoan" time="0.002"/>
  <testcase classname="loanDepartment.BusinessLoan" name="sendOutstandingWarn" time="0.003"/>
  <testcase classname="loanDepartment.BusinessLoan" name="setClientDetails" time="0.002"/>
  <testcase classname="loanDepartment.BusinessLoan" name="setLoanStatus" time="0.001"/>
  <testcase classname="loanDepartment.BusinessLoan" name="setNewLoan" time="0.001"/>
  <testcase classname="loanDepartment.BusinessLoan" name="mobile_login" time="0.0">
    <ignored/>
  </testcase> <!-- mobile_login -->
  <testcase classname="loanDepartment.BusinessLoan" name="reject" time="0.0">
    <ignored/>
  </testcase> <!-- reject -->
  <testcase classname="loanDepartment.BusinessLoan" name="mobile_logout" time="0.0">
    <ignored/>
  </testcase> <!-- mobile_logout -->
</testsuite> <!-- Demo Test2 -->
