<?xml version="1.0" encoding="UTF-8"?>
<!-- Generated by org.testng.reporters.JUnitXMLReporter -->
<testsuite ignored="14" hostname="DESKTOP-1KPJRV5" failures="0" tests="28" name="Demo Test" time="0.466" errors="0" timestamp="2021-07-08T10:35:19 IST">
  <testcase classname="loanDepartment.CarLoan" name="apply" time="0.012"/>
  <testcase classname="loanDepartment.CarLoan" name="approve" time="0.004"/>
  <testcase classname="loanDepartment.CarLoan" name="getClientDetails" time="0.011"/>
  <testcase classname="loanDepartment.CarLoan" name="getLoanStatus" time="0.003"/>
  <testcase classname="loanDepartment.CarLoan" name="login" time="0.005"/>
  <testcase classname="loanDepartment.CarLoan" name="logout" time="0.028"/>
  <testcase classname="loanDepartment.CarLoan" name="mobile_login" time="0.002"/>
  <testcase classname="loanDepartment.CarLoan" name="mobile_logout" time="0.001"/>
  <testcase classname="loanDepartment.CarLoan" name="reject" time="0.002"/>
  <testcase classname="loanDepartment.CarLoan" name="removeLoan" time="0.003"/>
  <testcase classname="loanDepartment.CarLoan" name="sendOutstandingWarn" time="0.001"/>
  <testcase classname="loanDepartment.CarLoan" name="setClientDetails" time="0.004"/>
  <testcase classname="loanDepartment.CarLoan" name="setLoanStatus" time="0.003"/>
  <testcase classname="loanDepartment.CarLoan" name="setNewLoan" time="0.005"/>
  <testcase classname="loanDepartment.PersonalLoan" name="apply" time="0.002"/>
  <testcase classname="loanDepartment.PersonalLoan" name="login" time="0.001"/>
  <testcase classname="loanDepartment.PersonalLoan" name="mobile_logout" time="0.042"/>
  <testcase classname="loanDepartment.PersonalLoan" name="setLoanStatus" time="0.006"/>
  <testcase classname="loanDepartment.PersonalLoan" name="setNewLoan" time="0.002"/>
  <testcase classname="loanDepartment.PersonalLoan" name="approve" time="0.003"/>
  <testcase classname="loanDepartment.PersonalLoan" name="getClientDetails" time="0.043"/>
  <testcase classname="loanDepartment.PersonalLoan" name="getLoanStatus" time="0.002"/>
  <testcase classname="loanDepartment.PersonalLoan" name="logout" time="0.003"/>
  <testcase classname="loanDepartment.PersonalLoan" name="removeLoan" time="0.003"/>
  <testcase classname="loanDepartment.PersonalLoan" name="sendOutstandingWarn" time="0.002"/>
  <testcase classname="loanDepartment.PersonalLoan" name="setClientDetails" time="0.001"/>
  <testcase classname="loanDepartment.HouseLoan" name="reject" time="0.002"/>
  <testcase classname="loanDepartment.PersonalLoan" name="reject" time="0.001"/>
  <testcase classname="loanDepartment.HouseLoan" name="login" time="0.0">
    <ignored/>
  </testcase> <!-- login -->
  <testcase classname="loanDepartment.PersonalLoan" name="mobile_login" time="0.0">
    <ignored/>
  </testcase> <!-- mobile_login -->
  <testcase classname="loanDepartment.HouseLoan" name="setClientDetails" time="0.0">
    <ignored/>
  </testcase> <!-- setClientDetails -->
  <testcase classname="loanDepartment.HouseLoan" name="getLoanStatus" time="0.0">
    <ignored/>
  </testcase> <!-- getLoanStatus -->
  <testcase classname="loanDepartment.HouseLoan" name="getClientDetails" time="0.0">
    <ignored/>
  </testcase> <!-- getClientDetails -->
  <testcase classname="loanDepartment.HouseLoan" name="setLoanStatus" time="0.0">
    <ignored/>
  </testcase> <!-- setLoanStatus -->
  <testcase classname="loanDepartment.HouseLoan" name="sendOutstandingWarn" time="0.0">
    <ignored/>
  </testcase> <!-- sendOutstandingWarn -->
  <testcase classname="loanDepartment.HouseLoan" name="apply" time="0.0">
    <ignored/>
  </testcase> <!-- apply -->
  <testcase classname="loanDepartment.HouseLoan" name="removeLoan" time="0.0">
    <ignored/>
  </testcase> <!-- removeLoan -->
  <testcase classname="loanDepartment.HouseLoan" name="mobile_logout" time="0.0">
    <ignored/>
  </testcase> <!-- mobile_logout -->
  <testcase classname="loanDepartment.HouseLoan" name="setNewLoan" time="0.0">
    <ignored/>
  </testcase> <!-- setNewLoan -->
  <testcase classname="loanDepartment.HouseLoan" name="approve" time="0.0">
    <ignored/>
  </testcase> <!-- approve -->
  <testcase classname="loanDepartment.HouseLoan" name="logout" time="0.0">
    <ignored/>
  </testcase> <!-- logout -->
  <testcase classname="loanDepartment.HouseLoan" name="mobile_login" time="0.0">
    <ignored/>
  </testcase> <!-- mobile_login -->
</testsuite> <!-- Demo Test -->
