<?xml version="1.0" encoding="UTF-8"?>
<testng-results total="1" passed="1" failed="0" skipped="0">
  <reporter-output>
  </reporter-output>
  <suite started-at="2021-07-13T06:05:14Z" name="Suite" finished-at="2021-07-13T06:05:23Z" duration-ms="8892">
    <groups>
    </groups>
    <test started-at="2021-07-13T06:05:14Z" name="Test" finished-at="2021-07-13T06:05:23Z" duration-ms="8892">
      <class name="UdemyTutorial.SourceLabs.Demo">
        <test-method signature="demoMethod()[pri:0, instance:UdemyTutorial.SourceLabs.Demo@1acaf3d]" started-at="2021-07-13T11:35:14Z" name="demoMethod" finished-at="2021-07-13T11:35:23Z" duration-ms="8862" status="PASS">
          <reporter-output>
          </reporter-output>
        </test-method> <!-- demoMethod -->
      </class> <!-- UdemyTutorial.SourceLabs.Demo -->
    </test> <!-- Test -->
  </suite> <!-- Suite -->
</testng-results>
