<?xml version="1.0" encoding="UTF-8"?>
<testng-results ignored="0" total="6" passed="6" failed="0" skipped="0">
  <reporter-output>
  </reporter-output>
  <suite started-at="2021-07-09T10:49:18 IST" name="Suite" finished-at="2021-07-09T10:49:18 IST" duration-ms="148">
    <groups>
    </groups>
    <test started-at="2021-07-09T10:49:18 IST" name="Test" finished-at="2021-07-09T10:49:18 IST" duration-ms="148">
      <class name="udemyTutorials.MavenForJenkins.AppiumTest">
        <test-method signature="login()[pri:0, instance:udemyTutorials.MavenForJenkins.AppiumTest@3d680b5a]" started-at="2021-07-09T10:49:18 IST" name="login" finished-at="2021-07-09T10:49:18 IST" duration-ms="5" status="PASS">
          <reporter-output>
          </reporter-output>
        </test-method> <!-- login -->
        <test-method signature="logout()[pri:0, instance:udemyTutorials.MavenForJenkins.AppiumTest@3d680b5a]" started-at="2021-07-09T10:49:18 IST" name="logout" finished-at="2021-07-09T10:49:18 IST" duration-ms="2" status="PASS">
          <reporter-output>
          </reporter-output>
        </test-method> <!-- logout -->
      </class> <!-- udemyTutorials.MavenForJenkins.AppiumTest -->
      <class name="udemyTutorials.MavenForJenkins.RestAssuredTest">
        <test-method signature="login()[pri:0, instance:udemyTutorials.MavenForJenkins.RestAssuredTest@1c93084c]" started-at="2021-07-09T10:49:18 IST" name="login" finished-at="2021-07-09T10:49:18 IST" duration-ms="22" status="PASS">
          <reporter-output>
          </reporter-output>
        </test-method> <!-- login -->
        <test-method signature="logout()[pri:0, instance:udemyTutorials.MavenForJenkins.RestAssuredTest@1c93084c]" started-at="2021-07-09T10:49:18 IST" name="logout" finished-at="2021-07-09T10:49:18 IST" duration-ms="3" status="PASS">
          <reporter-output>
          </reporter-output>
        </test-method> <!-- logout -->
      </class> <!-- udemyTutorials.MavenForJenkins.RestAssuredTest -->
      <class name="udemyTutorials.MavenForJenkins.SeleniumTest">
        <test-method signature="login()[pri:0, instance:udemyTutorials.MavenForJenkins.SeleniumTest@48e4374]" started-at="2021-07-09T10:49:18 IST" name="login" finished-at="2021-07-09T10:49:18 IST" duration-ms="3" status="PASS">
          <reporter-output>
          </reporter-output>
        </test-method> <!-- login -->
        <test-method signature="logout()[pri:0, instance:udemyTutorials.MavenForJenkins.SeleniumTest@48e4374]" started-at="2021-07-09T10:49:18 IST" name="logout" finished-at="2021-07-09T10:49:18 IST" duration-ms="3" status="PASS">
          <reporter-output>
          </reporter-output>
        </test-method> <!-- logout -->
      </class> <!-- udemyTutorials.MavenForJenkins.SeleniumTest -->
    </test> <!-- Test -->
  </suite> <!-- Suite -->
</testng-results>
