<?xml version="1.0" encoding="UTF-8"?>
<!-- Generated by org.testng.reporters.JUnitXMLReporter -->
<testsuite ignored="0" hostname="DESKTOP-1KPJRV5" failures="0" tests="10" name="Default test" time="0.132" errors="0" timestamp="2021-07-06T12:05:57 IST">
  <testcase classname="JavaBasic.Streams" name="noStreams" time="0.013"/>
  <testcase classname="JavaBasic.Streams" name="withStreams1" time="0.003"/>
  <testcase classname="JavaBasic.Streams" name="withStreams2" time="0.006"/>
  <testcase classname="JavaBasic.Streams" name="withStreams3" time="0.004"/>
  <testcase classname="JavaBasic.Streams" name="withStreams4" time="0.004"/>
  <testcase classname="JavaBasic.Streams" name="withStreams5" time="0.004"/>
  <testcase classname="JavaBasic.Streams" name="withStreams6" time="0.008"/>
  <testcase classname="JavaBasic.Streams" name="withStreams7" time="0.005"/>
  <testcase classname="JavaBasic.Streams" name="withStreams8" time="0.008"/>
  <testcase classname="JavaBasic.Streams" name="withStreams9" time="0.007"/>
</testsuite> <!-- Default test -->
