<?xml version="1.0" encoding="UTF-8"?>
<testng-results ignored="0" total="4" passed="4" failed="0" skipped="0">
  <reporter-output>
  </reporter-output>
  <suite started-at="2021-07-09T12:12:07 IST" name="Suite" finished-at="2021-07-09T12:12:07 IST" duration-ms="60">
    <groups>
    </groups>
    <test started-at="2021-07-09T12:12:07 IST" name="Test" finished-at="2021-07-09T12:12:07 IST" duration-ms="60">
      <class name="udemyTutorials.MavenForJenkins.RestAssuredTest">
        <test-method signature="login()[pri:0, instance:udemyTutorials.MavenForJenkins.RestAssuredTest@197d671]" started-at="2021-07-09T12:12:07 IST" name="login" finished-at="2021-07-09T12:12:07 IST" duration-ms="5" status="PASS">
          <reporter-output>
          </reporter-output>
        </test-method> <!-- login -->
        <test-method signature="logout()[pri:0, instance:udemyTutorials.MavenForJenkins.RestAssuredTest@197d671]" started-at="2021-07-09T12:12:07 IST" name="logout" finished-at="2021-07-09T12:12:07 IST" duration-ms="1" status="PASS">
          <reporter-output>
          </reporter-output>
        </test-method> <!-- logout -->
      </class> <!-- udemyTutorials.MavenForJenkins.RestAssuredTest -->
      <class name="udemyTutorials.MavenForJenkins.SeleniumTest">
        <test-method signature="login()[pri:0, instance:udemyTutorials.MavenForJenkins.SeleniumTest@7692d9cc]" started-at="2021-07-09T12:12:07 IST" name="login" finished-at="2021-07-09T12:12:07 IST" duration-ms="0" status="PASS">
          <reporter-output>
          </reporter-output>
        </test-method> <!-- login -->
        <test-method signature="logout()[pri:0, instance:udemyTutorials.MavenForJenkins.SeleniumTest@7692d9cc]" started-at="2021-07-09T12:12:07 IST" name="logout" finished-at="2021-07-09T12:12:07 IST" duration-ms="0" status="PASS">
          <reporter-output>
          </reporter-output>
        </test-method> <!-- logout -->
      </class> <!-- udemyTutorials.MavenForJenkins.SeleniumTest -->
    </test> <!-- Test -->
  </suite> <!-- Suite -->
</testng-results>
