<?xml version="1.0" encoding="UTF-8"?>
<testng-results ignored="0" total="10" passed="10" failed="0" skipped="0">
  <reporter-output>
  </reporter-output>
  <suite started-at="2021-07-06T12:05:57 IST" name="Default suite" finished-at="2021-07-06T12:05:57 IST" duration-ms="132">
    <groups>
    </groups>
    <test started-at="2021-07-06T12:05:57 IST" name="Default test" finished-at="2021-07-06T12:05:57 IST" duration-ms="132">
      <class name="JavaBasic.Streams">
        <test-method signature="noStreams()[pri:0, instance:JavaBasic.Streams@6ce139a4]" started-at="2021-07-06T12:05:57 IST" name="noStreams" finished-at="2021-07-06T12:05:57 IST" duration-ms="13" status="PASS">
          <reporter-output>
          </reporter-output>
        </test-method> <!-- noStreams -->
        <test-method signature="withStreams1()[pri:0, instance:JavaBasic.Streams@6ce139a4]" started-at="2021-07-06T12:05:57 IST" name="withStreams1" finished-at="2021-07-06T12:05:57 IST" duration-ms="3" status="PASS">
          <reporter-output>
          </reporter-output>
        </test-method> <!-- withStreams1 -->
        <test-method signature="withStreams2()[pri:0, instance:JavaBasic.Streams@6ce139a4]" started-at="2021-07-06T12:05:57 IST" name="withStreams2" finished-at="2021-07-06T12:05:57 IST" duration-ms="6" status="PASS">
          <reporter-output>
          </reporter-output>
        </test-method> <!-- withStreams2 -->
        <test-method signature="withStreams3()[pri:0, instance:JavaBasic.Streams@6ce139a4]" started-at="2021-07-06T12:05:57 IST" name="withStreams3" finished-at="2021-07-06T12:05:57 IST" duration-ms="4" status="PASS">
          <reporter-output>
          </reporter-output>
        </test-method> <!-- withStreams3 -->
        <test-method signature="withStreams4()[pri:0, instance:JavaBasic.Streams@6ce139a4]" started-at="2021-07-06T12:05:57 IST" name="withStreams4" finished-at="2021-07-06T12:05:57 IST" duration-ms="4" status="PASS">
          <reporter-output>
          </reporter-output>
        </test-method> <!-- withStreams4 -->
        <test-method signature="withStreams5()[pri:0, instance:JavaBasic.Streams@6ce139a4]" started-at="2021-07-06T12:05:57 IST" name="withStreams5" finished-at="2021-07-06T12:05:57 IST" duration-ms="4" status="PASS">
          <reporter-output>
          </reporter-output>
        </test-method> <!-- withStreams5 -->
        <test-method signature="withStreams6()[pri:0, instance:JavaBasic.Streams@6ce139a4]" started-at="2021-07-06T12:05:57 IST" name="withStreams6" finished-at="2021-07-06T12:05:57 IST" duration-ms="8" status="PASS">
          <reporter-output>
          </reporter-output>
        </test-method> <!-- withStreams6 -->
        <test-method signature="withStreams7()[pri:0, instance:JavaBasic.Streams@6ce139a4]" started-at="2021-07-06T12:05:57 IST" name="withStreams7" finished-at="2021-07-06T12:05:57 IST" duration-ms="5" status="PASS">
          <reporter-output>
          </reporter-output>
        </test-method> <!-- withStreams7 -->
        <test-method signature="withStreams8()[pri:0, instance:JavaBasic.Streams@6ce139a4]" started-at="2021-07-06T12:05:57 IST" name="withStreams8" finished-at="2021-07-06T12:05:57 IST" duration-ms="8" status="PASS">
          <reporter-output>
          </reporter-output>
        </test-method> <!-- withStreams8 -->
        <test-method signature="withStreams9()[pri:0, instance:JavaBasic.Streams@6ce139a4]" started-at="2021-07-06T12:05:57 IST" name="withStreams9" finished-at="2021-07-06T12:05:57 IST" duration-ms="7" status="PASS">
          <reporter-output>
          </reporter-output>
        </test-method> <!-- withStreams9 -->
      </class> <!-- JavaBasic.Streams -->
    </test> <!-- Default test -->
  </suite> <!-- Default suite -->
</testng-results>
